<?xml version="1.0" encoding="UTF-8"?>
<testsuite name="Board2048Test" tests="2" skipped="0" failures="0" errors="0" timestamp="2017-05-04T01:32:07" hostname="tushaar-Lenovo-Z50-70" time="0.003">
  <properties/>
  <testcase name="testStartingValuesAssigned" classname="Board2048Test" time="0.002"/>
  <testcase name="testBoardHasArray" classname="Board2048Test" time="0.001"/>
  <system-out><![CDATA[]]></system-out>
  <system-err><![CDATA[]]></system-err>
</testsuite>
